<?xml version="1.0" encoding="UTF-8"?>
<!-- Generated by org.testng.reporters.JUnitXMLReporter -->
<testsuite ignored="0" hostname="DESKTOP-GV21CR2" failures="0" tests="4" name="Default test" time="54.891" errors="0" timestamp="2022-06-05T15:20:10 IST">
  <testcase classname="TestClasses.VerifyUserCanBuyProduct" name="verifyUserCanLogin" time="5.583"/>
  <testcase classname="TestClasses.VerifyUserCanBuyProduct" name="VerifyUserCanSearchProduct" time="16.101"/>
  <testcase classname="TestClasses.VerifyUserCanBuyProduct" name="verifyUserCanSelectProductAndMoveToProductDetailsPage" time="8.003"/>
  <testcase classname="TestClasses.VerifyUserCanBuyProduct" name="verifyUserCanAddProductToCart" time="0.26"/>
</testsuite> <!-- Default test -->
