<?xml version="1.0" encoding="UTF-8"?>
<testng-results ignored="0" total="4" passed="4" failed="0" skipped="0">
  <reporter-output>
  </reporter-output>
  <suite started-at="2022-06-05T15:19:15 IST" name="Default suite" finished-at="2022-06-05T15:20:10 IST" duration-ms="54891">
    <groups>
    </groups>
    <test started-at="2022-06-05T15:19:15 IST" name="Default test" finished-at="2022-06-05T15:20:10 IST" duration-ms="54891">
      <class name="TestClasses.VerifyUserCanBuyProduct">
        <test-method is-config="true" signature="beforeClass()[pri:0, instance:TestClasses.VerifyUserCanBuyProduct@74fe5c40]" started-at="2022-06-05T15:19:15 IST" name="beforeClass" finished-at="2022-06-05T15:19:39 IST" duration-ms="23150" status="PASS">
          <reporter-output>
          </reporter-output>
        </test-method> <!-- beforeClass -->
        <test-method is-config="true" signature="beforeMethod()[pri:0, instance:TestClasses.VerifyUserCanBuyProduct@74fe5c40]" started-at="2022-06-05T15:19:39 IST" name="beforeMethod" finished-at="2022-06-05T15:19:39 IST" duration-ms="84" status="PASS">
          <reporter-output>
          </reporter-output>
        </test-method> <!-- beforeMethod -->
        <test-method signature="verifyUserCanLogin()[pri:1, instance:TestClasses.VerifyUserCanBuyProduct@74fe5c40]" started-at="2022-06-05T15:19:39 IST" name="verifyUserCanLogin" finished-at="2022-06-05T15:19:44 IST" duration-ms="5583" status="PASS">
          <reporter-output>
          </reporter-output>
        </test-method> <!-- verifyUserCanLogin -->
        <test-method is-config="true" signature="afterMethod(org.testng.ITestResult)[pri:0, instance:TestClasses.VerifyUserCanBuyProduct@74fe5c40]" started-at="2022-06-05T15:19:44 IST" name="afterMethod" finished-at="2022-06-05T15:19:45 IST" duration-ms="151" status="PASS">
          <params>
            <param index="0">
              <value>
                <![CDATA[[TestResult name=verifyUserCanLogin status=SUCCESS method=VerifyUserCanBuyProduct.verifyUserCanLogin()[pri:1, instance:TestClasses.VerifyUserCanBuyProduct@74fe5c40] output={null}]]]>
              </value>
            </param>
          </params>
          <reporter-output>
          </reporter-output>
        </test-method> <!-- afterMethod -->
        <test-method is-config="true" signature="beforeMethod()[pri:0, instance:TestClasses.VerifyUserCanBuyProduct@74fe5c40]" started-at="2022-06-05T15:19:45 IST" name="beforeMethod" finished-at="2022-06-05T15:19:45 IST" duration-ms="5" status="PASS">
          <reporter-output>
          </reporter-output>
        </test-method> <!-- beforeMethod -->
        <test-method signature="VerifyUserCanSearchProduct()[pri:2, instance:TestClasses.VerifyUserCanBuyProduct@74fe5c40]" started-at="2022-06-05T15:19:45 IST" name="VerifyUserCanSearchProduct" finished-at="2022-06-05T15:20:01 IST" duration-ms="16101" status="PASS">
          <reporter-output>
          </reporter-output>
        </test-method> <!-- VerifyUserCanSearchProduct -->
        <test-method is-config="true" signature="afterMethod(org.testng.ITestResult)[pri:0, instance:TestClasses.VerifyUserCanBuyProduct@74fe5c40]" started-at="2022-06-05T15:20:01 IST" name="afterMethod" finished-at="2022-06-05T15:20:01 IST" duration-ms="2" status="PASS">
          <params>
            <param index="0">
              <value>
                <![CDATA[[TestResult name=VerifyUserCanSearchProduct status=SUCCESS method=VerifyUserCanBuyProduct.VerifyUserCanSearchProduct()[pri:2, instance:TestClasses.VerifyUserCanBuyProduct@74fe5c40] output={null}]]]>
              </value>
            </param>
          </params>
          <reporter-output>
          </reporter-output>
        </test-method> <!-- afterMethod -->
        <test-method is-config="true" signature="beforeMethod()[pri:0, instance:TestClasses.VerifyUserCanBuyProduct@74fe5c40]" started-at="2022-06-05T15:20:01 IST" name="beforeMethod" finished-at="2022-06-05T15:20:01 IST" duration-ms="3" status="PASS">
          <reporter-output>
          </reporter-output>
        </test-method> <!-- beforeMethod -->
        <test-method signature="verifyUserCanSelectProductAndMoveToProductDetailsPage()[pri:3, instance:TestClasses.VerifyUserCanBuyProduct@74fe5c40]" started-at="2022-06-05T15:20:01 IST" name="verifyUserCanSelectProductAndMoveToProductDetailsPage" finished-at="2022-06-05T15:20:09 IST" duration-ms="8003" status="PASS">
          <reporter-output>
          </reporter-output>
        </test-method> <!-- verifyUserCanSelectProductAndMoveToProductDetailsPage -->
        <test-method is-config="true" signature="afterMethod(org.testng.ITestResult)[pri:0, instance:TestClasses.VerifyUserCanBuyProduct@74fe5c40]" started-at="2022-06-05T15:20:09 IST" name="afterMethod" finished-at="2022-06-05T15:20:09 IST" duration-ms="1" status="PASS">
          <params>
            <param index="0">
              <value>
                <![CDATA[[TestResult name=verifyUserCanSelectProductAndMoveToProductDetailsPage status=SUCCESS method=VerifyUserCanBuyProduct.verifyUserCanSelectProductAndMoveToProductDetailsPage()[pri:3, instance:TestClasses.VerifyUserCanBuyProduct@74fe5c40] output={null}]]]>
              </value>
            </param>
          </params>
          <reporter-output>
          </reporter-output>
        </test-method> <!-- afterMethod -->
        <test-method is-config="true" signature="beforeMethod()[pri:0, instance:TestClasses.VerifyUserCanBuyProduct@74fe5c40]" started-at="2022-06-05T15:20:09 IST" name="beforeMethod" finished-at="2022-06-05T15:20:09 IST" duration-ms="3" status="PASS">
          <reporter-output>
          </reporter-output>
        </test-method> <!-- beforeMethod -->
        <test-method signature="verifyUserCanAddProductToCart()[pri:4, instance:TestClasses.VerifyUserCanBuyProduct@74fe5c40]" started-at="2022-06-05T15:20:09 IST" name="verifyUserCanAddProductToCart" finished-at="2022-06-05T15:20:09 IST" duration-ms="260" status="PASS">
          <reporter-output>
          </reporter-output>
        </test-method> <!-- verifyUserCanAddProductToCart -->
        <test-method is-config="true" signature="afterMethod(org.testng.ITestResult)[pri:0, instance:TestClasses.VerifyUserCanBuyProduct@74fe5c40]" started-at="2022-06-05T15:20:09 IST" name="afterMethod" finished-at="2022-06-05T15:20:09 IST" duration-ms="5" status="PASS">
          <params>
            <param index="0">
              <value>
                <![CDATA[[TestResult name=verifyUserCanAddProductToCart status=SUCCESS method=VerifyUserCanBuyProduct.verifyUserCanAddProductToCart()[pri:4, instance:TestClasses.VerifyUserCanBuyProduct@74fe5c40] output={null}]]]>
              </value>
            </param>
          </params>
          <reporter-output>
          </reporter-output>
        </test-method> <!-- afterMethod -->
        <test-method is-config="true" signature="afterClass()[pri:0, instance:TestClasses.VerifyUserCanBuyProduct@74fe5c40]" started-at="2022-06-05T15:20:09 IST" name="afterClass" finished-at="2022-06-05T15:20:10 IST" duration-ms="1381" status="PASS">
          <reporter-output>
          </reporter-output>
        </test-method> <!-- afterClass -->
      </class> <!-- TestClasses.VerifyUserCanBuyProduct -->
    </test> <!-- Default test -->
  </suite> <!-- Default suite -->
</testng-results>
